c:\users\offic\desktop\university\low-level platform optimisation\git\llpo\release\vc143.pdb
c:\users\offic\desktop\university\low-level platform optimisation\git\llpo\release\vec3.obj
c:\users\offic\desktop\university\low-level platform optimisation\git\llpo\release\sphere.obj
c:\users\offic\desktop\university\low-level platform optimisation\git\llpo\release\main.obj
c:\users\offic\desktop\university\low-level platform optimisation\git\llpo\release\imgui_impl_opengl2.obj
c:\users\offic\desktop\university\low-level platform optimisation\git\llpo\release\imgui_impl_freeglut.obj
c:\users\offic\desktop\university\low-level platform optimisation\git\llpo\release\imgui_draw.obj
c:\users\offic\desktop\university\low-level platform optimisation\git\llpo\release\imgui_demo.obj
c:\users\offic\desktop\university\low-level platform optimisation\git\llpo\release\imgui.obj
c:\users\offic\desktop\university\low-level platform optimisation\git\llpo\release\diagnosticstracker.obj
c:\users\offic\desktop\university\low-level platform optimisation\git\llpo\release\colliderobject.obj
c:\users\offic\desktop\university\low-level platform optimisation\git\llpo\release\box.obj
c:\users\offic\desktop\university\low-level platform optimisation\git\llpo\release\memorypool.obj
c:\users\offic\desktop\university\low-level platform optimisation\git\llpo\release\physio.ipdb
c:\users\offic\desktop\university\low-level platform optimisation\git\llpo\release\physio.iobj
c:\users\offic\desktop\university\low-level platform optimisation\git\llpo\release\physio.exe
c:\users\offic\desktop\university\low-level platform optimisation\git\llpo\release\physio.pdb
c:\users\offic\desktop\university\low-level platform optimisation\git\llpo\release\physio.tlog\cl.command.1.tlog
c:\users\offic\desktop\university\low-level platform optimisation\git\llpo\release\physio.tlog\cl.items.tlog
c:\users\offic\desktop\university\low-level platform optimisation\git\llpo\release\physio.tlog\cl.read.1.tlog
c:\users\offic\desktop\university\low-level platform optimisation\git\llpo\release\physio.tlog\cl.write.1.tlog
c:\users\offic\desktop\university\low-level platform optimisation\git\llpo\release\physio.tlog\link.command.1.tlog
c:\users\offic\desktop\university\low-level platform optimisation\git\llpo\release\physio.tlog\link.read.1.tlog
c:\users\offic\desktop\university\low-level platform optimisation\git\llpo\release\physio.tlog\link.write.1.tlog
c:\users\offic\desktop\university\low-level platform optimisation\git\llpo\release\physio.tlog\link.write.2u.tlog
